****************************************
2013-05-29 15:56:55 - [EXCEPTION]: 
System.NullReferenceException: 未将对象引用设置到对象的实例。
   在 Framework.UI.Template.Common.FormHelper.SetGridColumn(GridView view, String columnName, String columnCaption, Int32 columnWidth, Int32 columnIndex, Boolean isVisiable) 位置 e:\Taocode\myFramework\05_Code\Framework.UI.Template\Common\FormHelper.cs:行号 31
****************************************

****************************************
2013-05-29 15:56:55 - [EXCEPTION]: 
System.NullReferenceException: 未将对象引用设置到对象的实例。
   在 Framework.UI.Template.Common.FormHelper.SetGridColumn(GridView view, String columnName, String columnCaption, Int32 columnWidth, Int32 columnIndex, Boolean isVisiable) 位置 e:\Taocode\myFramework\05_Code\Framework.UI.Template\Common\FormHelper.cs:行号 31
****************************************

****************************************
2013-05-29 15:56:55 - [EXCEPTION]: 
System.NullReferenceException: 未将对象引用设置到对象的实例。
   在 Framework.UI.Template.Common.FormHelper.SetGridColumn(GridView view, String columnName, String columnCaption, Int32 columnWidth, Int32 columnIndex, Boolean isVisiable) 位置 e:\Taocode\myFramework\05_Code\Framework.UI.Template\Common\FormHelper.cs:行号 31
****************************************

****************************************
2013-05-29 15:56:55 - [EXCEPTION]: 
System.NullReferenceException: 未将对象引用设置到对象的实例。
   在 Framework.UI.Template.Common.FormHelper.SetGridColumn(GridView view, String columnName, String columnCaption, Int32 columnWidth, Int32 columnIndex, Boolean isVisiable) 位置 e:\Taocode\myFramework\05_Code\Framework.UI.Template\Common\FormHelper.cs:行号 31
****************************************

****************************************
2013-05-29 15:56:55 - [EXCEPTION]: 
System.NullReferenceException: 未将对象引用设置到对象的实例。
   在 Framework.UI.Template.Common.FormHelper.SetGridColumn(GridView view, String columnName, String columnCaption, Int32 columnWidth, Int32 columnIndex, Boolean isVisiable) 位置 e:\Taocode\myFramework\05_Code\Framework.UI.Template\Common\FormHelper.cs:行号 31
****************************************

****************************************
2013-05-29 15:56:55 - [EXCEPTION]: 
System.NullReferenceException: 未将对象引用设置到对象的实例。
   在 Framework.UI.Template.Common.FormHelper.SetGridColumn(GridView view, String columnName, String columnCaption, Int32 columnWidth, Int32 columnIndex, Boolean isVisiable) 位置 e:\Taocode\myFramework\05_Code\Framework.UI.Template\Common\FormHelper.cs:行号 31
****************************************

****************************************
2013-05-29 15:56:55 - [EXCEPTION]: 
System.NullReferenceException: 未将对象引用设置到对象的实例。
   在 Framework.UI.Template.Common.FormHelper.SetGridColumn(GridView view, String columnName, String columnCaption, Int32 columnWidth, Int32 columnIndex, Boolean isVisiable) 位置 e:\Taocode\myFramework\05_Code\Framework.UI.Template\Common\FormHelper.cs:行号 31
****************************************

****************************************
2013-05-29 15:56:55 - [EXCEPTION]: 
System.NullReferenceException: 未将对象引用设置到对象的实例。
   在 Framework.UI.Template.Common.FormHelper.SetGridColumn(GridView view, String columnName, String columnCaption, Int32 columnWidth, Int32 columnIndex, Boolean isVisiable) 位置 e:\Taocode\myFramework\05_Code\Framework.UI.Template\Common\FormHelper.cs:行号 31
****************************************

****************************************
2013-05-29 16:37:19 - [EXCEPTION]: 
System.NullReferenceException: 未将对象引用设置到对象的实例。
   在 Framework.UI.Template.Common.FormHelper.SetGridColumn(GridView view, String columnName, String columnCaption, Int32 columnWidth, Int32 columnIndex, Boolean isVisiable) 位置 e:\Taocode\myFramework\05_Code\Framework.UI.Template\Common\FormHelper.cs:行号 31
****************************************

****************************************
2013-05-29 16:37:19 - [EXCEPTION]: 
System.NullReferenceException: 未将对象引用设置到对象的实例。
   在 Framework.UI.Template.Common.FormHelper.SetGridColumn(GridView view, String columnName, String columnCaption, Int32 columnWidth, Int32 columnIndex, Boolean isVisiable) 位置 e:\Taocode\myFramework\05_Code\Framework.UI.Template\Common\FormHelper.cs:行号 31
****************************************

****************************************
2013-05-29 16:37:19 - [EXCEPTION]: 
System.NullReferenceException: 未将对象引用设置到对象的实例。
   在 Framework.UI.Template.Common.FormHelper.SetGridColumn(GridView view, String columnName, String columnCaption, Int32 columnWidth, Int32 columnIndex, Boolean isVisiable) 位置 e:\Taocode\myFramework\05_Code\Framework.UI.Template\Common\FormHelper.cs:行号 31
****************************************

****************************************
2013-05-29 16:37:19 - [EXCEPTION]: 
System.NullReferenceException: 未将对象引用设置到对象的实例。
   在 Framework.UI.Template.Common.FormHelper.SetGridColumn(GridView view, String columnName, String columnCaption, Int32 columnWidth, Int32 columnIndex, Boolean isVisiable) 位置 e:\Taocode\myFramework\05_Code\Framework.UI.Template\Common\FormHelper.cs:行号 31
****************************************

****************************************
2013-05-29 16:37:19 - [EXCEPTION]: 
System.NullReferenceException: 未将对象引用设置到对象的实例。
   在 Framework.UI.Template.Common.FormHelper.SetGridColumn(GridView view, String columnName, String columnCaption, Int32 columnWidth, Int32 columnIndex, Boolean isVisiable) 位置 e:\Taocode\myFramework\05_Code\Framework.UI.Template\Common\FormHelper.cs:行号 31
****************************************

****************************************
2013-05-29 16:37:19 - [EXCEPTION]: 
System.NullReferenceException: 未将对象引用设置到对象的实例。
   在 Framework.UI.Template.Common.FormHelper.SetGridColumn(GridView view, String columnName, String columnCaption, Int32 columnWidth, Int32 columnIndex, Boolean isVisiable) 位置 e:\Taocode\myFramework\05_Code\Framework.UI.Template\Common\FormHelper.cs:行号 31
****************************************

****************************************
2013-05-29 16:37:19 - [EXCEPTION]: 
System.NullReferenceException: 未将对象引用设置到对象的实例。
   在 Framework.UI.Template.Common.FormHelper.SetGridColumn(GridView view, String columnName, String columnCaption, Int32 columnWidth, Int32 columnIndex, Boolean isVisiable) 位置 e:\Taocode\myFramework\05_Code\Framework.UI.Template\Common\FormHelper.cs:行号 31
****************************************

****************************************
2013-05-29 16:37:19 - [EXCEPTION]: 
System.NullReferenceException: 未将对象引用设置到对象的实例。
   在 Framework.UI.Template.Common.FormHelper.SetGridColumn(GridView view, String columnName, String columnCaption, Int32 columnWidth, Int32 columnIndex, Boolean isVisiable) 位置 e:\Taocode\myFramework\05_Code\Framework.UI.Template\Common\FormHelper.cs:行号 31
****************************************

****************************************
2013-05-29 16:45:48 - [EXCEPTION]: 
System.NullReferenceException: 未将对象引用设置到对象的实例。
   在 Framework.UI.Template.Common.FormHelper.SetGridColumn(GridView view, String columnName, String columnCaption, Int32 columnWidth, Int32 columnIndex, Boolean isVisiable) 位置 e:\Taocode\myFramework\05_Code\Framework.UI.Template\Common\FormHelper.cs:行号 31
****************************************

****************************************
2013-05-29 16:45:48 - [EXCEPTION]: 
System.NullReferenceException: 未将对象引用设置到对象的实例。
   在 Framework.UI.Template.Common.FormHelper.SetGridColumn(GridView view, String columnName, String columnCaption, Int32 columnWidth, Int32 columnIndex, Boolean isVisiable) 位置 e:\Taocode\myFramework\05_Code\Framework.UI.Template\Common\FormHelper.cs:行号 31
****************************************

****************************************
2013-05-29 16:45:48 - [EXCEPTION]: 
System.NullReferenceException: 未将对象引用设置到对象的实例。
   在 Framework.UI.Template.Common.FormHelper.SetGridColumn(GridView view, String columnName, String columnCaption, Int32 columnWidth, Int32 columnIndex, Boolean isVisiable) 位置 e:\Taocode\myFramework\05_Code\Framework.UI.Template\Common\FormHelper.cs:行号 31
****************************************

****************************************
2013-05-29 16:45:48 - [EXCEPTION]: 
System.NullReferenceException: 未将对象引用设置到对象的实例。
   在 Framework.UI.Template.Common.FormHelper.SetGridColumn(GridView view, String columnName, String columnCaption, Int32 columnWidth, Int32 columnIndex, Boolean isVisiable) 位置 e:\Taocode\myFramework\05_Code\Framework.UI.Template\Common\FormHelper.cs:行号 31
****************************************

****************************************
2013-05-29 16:45:48 - [EXCEPTION]: 
System.NullReferenceException: 未将对象引用设置到对象的实例。
   在 Framework.UI.Template.Common.FormHelper.SetGridColumn(GridView view, String columnName, String columnCaption, Int32 columnWidth, Int32 columnIndex, Boolean isVisiable) 位置 e:\Taocode\myFramework\05_Code\Framework.UI.Template\Common\FormHelper.cs:行号 31
****************************************

****************************************
2013-05-29 16:45:48 - [EXCEPTION]: 
System.NullReferenceException: 未将对象引用设置到对象的实例。
   在 Framework.UI.Template.Common.FormHelper.SetGridColumn(GridView view, String columnName, String columnCaption, Int32 columnWidth, Int32 columnIndex, Boolean isVisiable) 位置 e:\Taocode\myFramework\05_Code\Framework.UI.Template\Common\FormHelper.cs:行号 31
****************************************

****************************************
2013-05-29 16:45:48 - [EXCEPTION]: 
System.NullReferenceException: 未将对象引用设置到对象的实例。
   在 Framework.UI.Template.Common.FormHelper.SetGridColumn(GridView view, String columnName, String columnCaption, Int32 columnWidth, Int32 columnIndex, Boolean isVisiable) 位置 e:\Taocode\myFramework\05_Code\Framework.UI.Template\Common\FormHelper.cs:行号 31
****************************************

****************************************
2013-05-29 16:45:48 - [EXCEPTION]: 
System.NullReferenceException: 未将对象引用设置到对象的实例。
   在 Framework.UI.Template.Common.FormHelper.SetGridColumn(GridView view, String columnName, String columnCaption, Int32 columnWidth, Int32 columnIndex, Boolean isVisiable) 位置 e:\Taocode\myFramework\05_Code\Framework.UI.Template\Common\FormHelper.cs:行号 31
****************************************

****************************************
2013-05-29 18:43:38 - [EXCEPTION]: 
System.NullReferenceException: 未将对象引用设置到对象的实例。
   在 Framework.UI.Template.Common.FormHelper.SetGridColumn(GridView view, String columnName, String columnCaption, Int32 columnWidth, Int32 columnIndex, Boolean isVisiable) 位置 e:\Taocode\myFramework\05_Code\Framework.UI.Template\Common\FormHelper.cs:行号 31
****************************************

****************************************
2013-05-29 18:43:38 - [EXCEPTION]: 
System.NullReferenceException: 未将对象引用设置到对象的实例。
   在 Framework.UI.Template.Common.FormHelper.SetGridColumn(GridView view, String columnName, String columnCaption, Int32 columnWidth, Int32 columnIndex, Boolean isVisiable) 位置 e:\Taocode\myFramework\05_Code\Framework.UI.Template\Common\FormHelper.cs:行号 31
****************************************

****************************************
2013-05-29 18:43:38 - [EXCEPTION]: 
System.NullReferenceException: 未将对象引用设置到对象的实例。
   在 Framework.UI.Template.Common.FormHelper.SetGridColumn(GridView view, String columnName, String columnCaption, Int32 columnWidth, Int32 columnIndex, Boolean isVisiable) 位置 e:\Taocode\myFramework\05_Code\Framework.UI.Template\Common\FormHelper.cs:行号 31
****************************************

****************************************
2013-05-29 18:43:38 - [EXCEPTION]: 
System.NullReferenceException: 未将对象引用设置到对象的实例。
   在 Framework.UI.Template.Common.FormHelper.SetGridColumn(GridView view, String columnName, String columnCaption, Int32 columnWidth, Int32 columnIndex, Boolean isVisiable) 位置 e:\Taocode\myFramework\05_Code\Framework.UI.Template\Common\FormHelper.cs:行号 31
****************************************

****************************************
2013-05-29 18:43:38 - [EXCEPTION]: 
System.NullReferenceException: 未将对象引用设置到对象的实例。
   在 Framework.UI.Template.Common.FormHelper.SetGridColumn(GridView view, String columnName, String columnCaption, Int32 columnWidth, Int32 columnIndex, Boolean isVisiable) 位置 e:\Taocode\myFramework\05_Code\Framework.UI.Template\Common\FormHelper.cs:行号 31
****************************************

****************************************
2013-05-29 18:43:38 - [EXCEPTION]: 
System.NullReferenceException: 未将对象引用设置到对象的实例。
   在 Framework.UI.Template.Common.FormHelper.SetGridColumn(GridView view, String columnName, String columnCaption, Int32 columnWidth, Int32 columnIndex, Boolean isVisiable) 位置 e:\Taocode\myFramework\05_Code\Framework.UI.Template\Common\FormHelper.cs:行号 31
****************************************

****************************************
2013-05-29 18:43:38 - [EXCEPTION]: 
System.NullReferenceException: 未将对象引用设置到对象的实例。
   在 Framework.UI.Template.Common.FormHelper.SetGridColumn(GridView view, String columnName, String columnCaption, Int32 columnWidth, Int32 columnIndex, Boolean isVisiable) 位置 e:\Taocode\myFramework\05_Code\Framework.UI.Template\Common\FormHelper.cs:行号 31
****************************************

****************************************
2013-05-29 18:43:38 - [EXCEPTION]: 
System.NullReferenceException: 未将对象引用设置到对象的实例。
   在 Framework.UI.Template.Common.FormHelper.SetGridColumn(GridView view, String columnName, String columnCaption, Int32 columnWidth, Int32 columnIndex, Boolean isVisiable) 位置 e:\Taocode\myFramework\05_Code\Framework.UI.Template\Common\FormHelper.cs:行号 31
****************************************

****************************************
2013-05-29 19:07:47 - [EXCEPTION]: 
System.NullReferenceException: 未将对象引用设置到对象的实例。
   在 Framework.UI.Template.Common.FormHelper.SetGridColumn(GridView view, String columnName, String columnCaption, Int32 columnWidth, Int32 columnIndex, Boolean isVisiable) 位置 e:\Taocode\myFramework\05_Code\Framework.UI.Template\Common\FormHelper.cs:行号 31
****************************************

****************************************
2013-05-29 19:07:47 - [EXCEPTION]: 
System.NullReferenceException: 未将对象引用设置到对象的实例。
   在 Framework.UI.Template.Common.FormHelper.SetGridColumn(GridView view, String columnName, String columnCaption, Int32 columnWidth, Int32 columnIndex, Boolean isVisiable) 位置 e:\Taocode\myFramework\05_Code\Framework.UI.Template\Common\FormHelper.cs:行号 31
****************************************

****************************************
2013-05-29 19:08:03 - [EXCEPTION]: 
System.ServiceModel.FaultException`1[Business.Common.Exception.ServiceError]: 容器不存在。 (错误详细信息等于 Business.Common.Exception.ServiceError)。
****************************************

****************************************
2013-05-29 19:44:26 - [EXCEPTION]: 
System.NullReferenceException: 未将对象引用设置到对象的实例。
   在 Framework.UI.Template.Common.FormHelper.SetGridColumn(GridView view, String columnName, String columnCaption, Int32 columnWidth, Int32 columnIndex, Boolean isVisiable) 位置 e:\Taocode\myFramework\05_Code\Framework.UI.Template\Common\FormHelper.cs:行号 31
****************************************

****************************************
2013-05-29 19:44:26 - [EXCEPTION]: 
System.NullReferenceException: 未将对象引用设置到对象的实例。
   在 Framework.UI.Template.Common.FormHelper.SetGridColumn(GridView view, String columnName, String columnCaption, Int32 columnWidth, Int32 columnIndex, Boolean isVisiable) 位置 e:\Taocode\myFramework\05_Code\Framework.UI.Template\Common\FormHelper.cs:行号 31
****************************************

****************************************
2013-05-29 19:46:05 - [EXCEPTION]: 
System.ServiceModel.FaultException`1[Business.Common.Exception.ServiceError]: 容器不存在。 (错误详细信息等于 Business.Common.Exception.ServiceError)。
****************************************

****************************************
2013-05-29 19:59:21 - [EXCEPTION]: 
System.NullReferenceException: 未将对象引用设置到对象的实例。
   在 Framework.UI.Template.Common.FormHelper.SetGridColumn(GridView view, String columnName, String columnCaption, Int32 columnWidth, Int32 columnIndex, Boolean isVisiable) 位置 e:\Taocode\myFramework\05_Code\Framework.UI.Template\Common\FormHelper.cs:行号 31
****************************************

****************************************
2013-05-29 19:59:21 - [EXCEPTION]: 
System.NullReferenceException: 未将对象引用设置到对象的实例。
   在 Framework.UI.Template.Common.FormHelper.SetGridColumn(GridView view, String columnName, String columnCaption, Int32 columnWidth, Int32 columnIndex, Boolean isVisiable) 位置 e:\Taocode\myFramework\05_Code\Framework.UI.Template\Common\FormHelper.cs:行号 31
****************************************

****************************************
2013-05-29 19:59:34 - [EXCEPTION]: 
System.ServiceModel.FaultException`1[Business.Common.Exception.ServiceError]: 容器不存在。 (错误详细信息等于 Business.Common.Exception.ServiceError)。
****************************************

****************************************
2013-05-29 20:02:33 - [EXCEPTION]: 
System.NullReferenceException: 未将对象引用设置到对象的实例。
   在 Framework.UI.Template.Common.FormHelper.SetGridColumn(GridView view, String columnName, String columnCaption, Int32 columnWidth, Int32 columnIndex, Boolean isVisiable) 位置 e:\Taocode\myFramework\05_Code\Framework.UI.Template\Common\FormHelper.cs:行号 31
****************************************

****************************************
2013-05-29 20:02:33 - [EXCEPTION]: 
System.NullReferenceException: 未将对象引用设置到对象的实例。
   在 Framework.UI.Template.Common.FormHelper.SetGridColumn(GridView view, String columnName, String columnCaption, Int32 columnWidth, Int32 columnIndex, Boolean isVisiable) 位置 e:\Taocode\myFramework\05_Code\Framework.UI.Template\Common\FormHelper.cs:行号 31
****************************************

****************************************
2013-05-29 20:10:04 - [EXCEPTION]: 
System.NullReferenceException: 未将对象引用设置到对象的实例。
   在 Framework.UI.Template.Common.FormHelper.SetGridColumn(GridView view, String columnName, String columnCaption, Int32 columnWidth, Int32 columnIndex, Boolean isVisiable) 位置 e:\Taocode\myFramework\05_Code\Framework.UI.Template\Common\FormHelper.cs:行号 31
****************************************

****************************************
2013-05-29 20:10:04 - [EXCEPTION]: 
System.NullReferenceException: 未将对象引用设置到对象的实例。
   在 Framework.UI.Template.Common.FormHelper.SetGridColumn(GridView view, String columnName, String columnCaption, Int32 columnWidth, Int32 columnIndex, Boolean isVisiable) 位置 e:\Taocode\myFramework\05_Code\Framework.UI.Template\Common\FormHelper.cs:行号 31
****************************************

